CRITICAL - 2020-08-03 09:59:58 --> Unable to connect to the database.
#0 /opt/lampp/htdocs/Vaggon/system/Database/BaseConnection.php(646): CodeIgniter\Database\BaseConnection->initialize()
#1 /opt/lampp/htdocs/Vaggon/app/Controllers/Login.php(38): CodeIgniter\Database\BaseConnection->query('SELECT id_user ...', Array)
#2 /opt/lampp/htdocs/Vaggon/system/CodeIgniter.php(918): App\Controllers\Login->inserir()
#3 /opt/lampp/htdocs/Vaggon/system/CodeIgniter.php(404): CodeIgniter\CodeIgniter->runController(Object(App\Controllers\Login))
#4 /opt/lampp/htdocs/Vaggon/system/CodeIgniter.php(312): CodeIgniter\CodeIgniter->handleRequest(NULL, Object(Config\Cache), false)
#5 /opt/lampp/htdocs/Vaggon/public/index.php(45): CodeIgniter\CodeIgniter->run()
#6 {main}
CRITICAL - 2020-08-03 11:05:26 --> Undefined variable: tarefas
#0 /opt/lampp/htdocs/Vaggon/app/Views/tarefas_index.php(26): CodeIgniter\Debug\Exceptions->errorHandler(8, 'Undefined varia...', '/opt/lampp/htdo...', 26, Array)
#1 /opt/lampp/htdocs/Vaggon/system/View/View.php(246): include('/opt/lampp/htdo...')
#2 /opt/lampp/htdocs/Vaggon/system/Common.php(1119): CodeIgniter\View\View->render('tarefas_index', Array, true)
#3 /opt/lampp/htdocs/Vaggon/app/Controllers/Tarefas.php(27): view('tarefas_index', Array)
#4 /opt/lampp/htdocs/Vaggon/system/CodeIgniter.php(918): App\Controllers\Tarefas->editar('1')
#5 /opt/lampp/htdocs/Vaggon/system/CodeIgniter.php(404): CodeIgniter\CodeIgniter->runController(Object(App\Controllers\Tarefas))
#6 /opt/lampp/htdocs/Vaggon/system/CodeIgniter.php(312): CodeIgniter\CodeIgniter->handleRequest(NULL, Object(Config\Cache), false)
#7 /opt/lampp/htdocs/Vaggon/public/index.php(45): CodeIgniter\CodeIgniter->run()
#8 {main}
CRITICAL - 2020-08-03 13:51:26 --> Array to string conversion
#0 /opt/lampp/htdocs/Vaggon/app/Controllers/Login.php(23): CodeIgniter\Debug\Exceptions->errorHandler(8, 'Array to string...', '/opt/lampp/htdo...', 23, Array)
#1 /opt/lampp/htdocs/Vaggon/system/CodeIgniter.php(918): App\Controllers\Login->validar()
#2 /opt/lampp/htdocs/Vaggon/system/CodeIgniter.php(404): CodeIgniter\CodeIgniter->runController(Object(App\Controllers\Login))
#3 /opt/lampp/htdocs/Vaggon/system/CodeIgniter.php(312): CodeIgniter\CodeIgniter->handleRequest(NULL, Object(Config\Cache), false)
#4 /opt/lampp/htdocs/Vaggon/public/index.php(45): CodeIgniter\CodeIgniter->run()
#5 {main}
CRITICAL - 2020-08-03 13:54:50 --> Use of undefined constant is_empt - assumed 'is_empt' (this will throw an Error in a future version of PHP)
#0 /opt/lampp/htdocs/Vaggon/app/Controllers/Login.php(22): CodeIgniter\Debug\Exceptions->errorHandler(2, 'Use of undefine...', '/opt/lampp/htdo...', 22, Array)
#1 /opt/lampp/htdocs/Vaggon/system/CodeIgniter.php(918): App\Controllers\Login->validar()
#2 /opt/lampp/htdocs/Vaggon/system/CodeIgniter.php(404): CodeIgniter\CodeIgniter->runController(Object(App\Controllers\Login))
#3 /opt/lampp/htdocs/Vaggon/system/CodeIgniter.php(312): CodeIgniter\CodeIgniter->handleRequest(NULL, Object(Config\Cache), false)
#4 /opt/lampp/htdocs/Vaggon/public/index.php(45): CodeIgniter\CodeIgniter->run()
#5 {main}
CRITICAL - 2020-08-03 13:55:04 --> Trying to get property 'id_user' of non-object
#0 /opt/lampp/htdocs/Vaggon/app/Controllers/Login.php(23): CodeIgniter\Debug\Exceptions->errorHandler(8, 'Trying to get p...', '/opt/lampp/htdo...', 23, Array)
#1 /opt/lampp/htdocs/Vaggon/system/CodeIgniter.php(918): App\Controllers\Login->validar()
#2 /opt/lampp/htdocs/Vaggon/system/CodeIgniter.php(404): CodeIgniter\CodeIgniter->runController(Object(App\Controllers\Login))
#3 /opt/lampp/htdocs/Vaggon/system/CodeIgniter.php(312): CodeIgniter\CodeIgniter->handleRequest(NULL, Object(Config\Cache), false)
#4 /opt/lampp/htdocs/Vaggon/public/index.php(45): CodeIgniter\CodeIgniter->run()
#5 {main}
CRITICAL - 2020-08-03 13:55:19 --> Trying to get property 'id_user' of non-object
#0 /opt/lampp/htdocs/Vaggon/app/Controllers/Login.php(23): CodeIgniter\Debug\Exceptions->errorHandler(8, 'Trying to get p...', '/opt/lampp/htdo...', 23, Array)
#1 /opt/lampp/htdocs/Vaggon/system/CodeIgniter.php(918): App\Controllers\Login->validar()
#2 /opt/lampp/htdocs/Vaggon/system/CodeIgniter.php(404): CodeIgniter\CodeIgniter->runController(Object(App\Controllers\Login))
#3 /opt/lampp/htdocs/Vaggon/system/CodeIgniter.php(312): CodeIgniter\CodeIgniter->handleRequest(NULL, Object(Config\Cache), false)
#4 /opt/lampp/htdocs/Vaggon/public/index.php(45): CodeIgniter\CodeIgniter->run()
#5 {main}
CRITICAL - 2020-08-03 14:24:27 --> Undefined property: stdClass::$password
#0 /opt/lampp/htdocs/Vaggon/app/Controllers/Login.php(26): CodeIgniter\Debug\Exceptions->errorHandler(8, 'Undefined prope...', '/opt/lampp/htdo...', 26, Array)
#1 /opt/lampp/htdocs/Vaggon/system/CodeIgniter.php(918): App\Controllers\Login->validar()
#2 /opt/lampp/htdocs/Vaggon/system/CodeIgniter.php(404): CodeIgniter\CodeIgniter->runController(Object(App\Controllers\Login))
#3 /opt/lampp/htdocs/Vaggon/system/CodeIgniter.php(312): CodeIgniter\CodeIgniter->handleRequest(NULL, Object(Config\Cache), false)
#4 /opt/lampp/htdocs/Vaggon/public/index.php(45): CodeIgniter\CodeIgniter->run()
#5 {main}
CRITICAL - 2020-08-03 14:25:17 --> Undefined variable: tarefas
#0 /opt/lampp/htdocs/Vaggon/app/Views/tarefas_index.php(27): CodeIgniter\Debug\Exceptions->errorHandler(8, 'Undefined varia...', '/opt/lampp/htdo...', 27, Array)
#1 /opt/lampp/htdocs/Vaggon/system/View/View.php(246): include('/opt/lampp/htdo...')
#2 /opt/lampp/htdocs/Vaggon/system/Common.php(1119): CodeIgniter\View\View->render('tarefas_index', Array, true)
#3 /opt/lampp/htdocs/Vaggon/app/Controllers/Login.php(27): view('tarefas_index', Array)
#4 /opt/lampp/htdocs/Vaggon/system/CodeIgniter.php(918): App\Controllers\Login->validar()
#5 /opt/lampp/htdocs/Vaggon/system/CodeIgniter.php(404): CodeIgniter\CodeIgniter->runController(Object(App\Controllers\Login))
#6 /opt/lampp/htdocs/Vaggon/system/CodeIgniter.php(312): CodeIgniter\CodeIgniter->handleRequest(NULL, Object(Config\Cache), false)
#7 /opt/lampp/htdocs/Vaggon/public/index.php(45): CodeIgniter\CodeIgniter->run()
#8 {main}
CRITICAL - 2020-08-03 14:26:34 --> syntax error, unexpected '}', expecting ';'
#0 /opt/lampp/htdocs/Vaggon/system/Autoloader/Autoloader.php(296): CodeIgniter\Autoloader\Autoloader->requireFile('/opt/lampp/htdo...')
#1 /opt/lampp/htdocs/Vaggon/system/Autoloader/Autoloader.php(258): CodeIgniter\Autoloader\Autoloader->loadInNamespace('App\\Controllers...')
#2 [internal function]: CodeIgniter\Autoloader\Autoloader->loadClass('App\\Controllers...')
#3 [internal function]: spl_autoload_call('App\\Controllers...')
#4 /opt/lampp/htdocs/Vaggon/system/CodeIgniter.php(869): class_exists('\\App\\Controller...', true)
#5 /opt/lampp/htdocs/Vaggon/system/CodeIgniter.php(394): CodeIgniter\CodeIgniter->startController()
#6 /opt/lampp/htdocs/Vaggon/system/CodeIgniter.php(312): CodeIgniter\CodeIgniter->handleRequest(NULL, Object(Config\Cache), false)
#7 /opt/lampp/htdocs/Vaggon/public/index.php(45): CodeIgniter\CodeIgniter->run()
#8 {main}
CRITICAL - 2020-08-03 14:33:00 --> Cannot use object of type stdClass as array
#0 /opt/lampp/htdocs/Vaggon/system/CodeIgniter.php(918): App\Controllers\Login->validar()
#1 /opt/lampp/htdocs/Vaggon/system/CodeIgniter.php(404): CodeIgniter\CodeIgniter->runController(Object(App\Controllers\Login))
#2 /opt/lampp/htdocs/Vaggon/system/CodeIgniter.php(312): CodeIgniter\CodeIgniter->handleRequest(NULL, Object(Config\Cache), false)
#3 /opt/lampp/htdocs/Vaggon/public/index.php(45): CodeIgniter\CodeIgniter->run()
#4 {main}
CRITICAL - 2020-08-03 14:34:40 --> Undefined offset: 0
#0 /opt/lampp/htdocs/Vaggon/app/Controllers/Login.php(22): CodeIgniter\Debug\Exceptions->errorHandler(8, 'Undefined offse...', '/opt/lampp/htdo...', 22, Array)
#1 /opt/lampp/htdocs/Vaggon/system/CodeIgniter.php(918): App\Controllers\Login->validar()
#2 /opt/lampp/htdocs/Vaggon/system/CodeIgniter.php(404): CodeIgniter\CodeIgniter->runController(Object(App\Controllers\Login))
#3 /opt/lampp/htdocs/Vaggon/system/CodeIgniter.php(312): CodeIgniter\CodeIgniter->handleRequest(NULL, Object(Config\Cache), false)
#4 /opt/lampp/htdocs/Vaggon/public/index.php(45): CodeIgniter\CodeIgniter->run()
#5 {main}
CRITICAL - 2020-08-03 14:37:37 --> syntax error, unexpected '}'
#0 /opt/lampp/htdocs/Vaggon/system/Autoloader/Autoloader.php(296): CodeIgniter\Autoloader\Autoloader->requireFile('/opt/lampp/htdo...')
#1 /opt/lampp/htdocs/Vaggon/system/Autoloader/Autoloader.php(258): CodeIgniter\Autoloader\Autoloader->loadInNamespace('App\\Controllers...')
#2 [internal function]: CodeIgniter\Autoloader\Autoloader->loadClass('App\\Controllers...')
#3 [internal function]: spl_autoload_call('App\\Controllers...')
#4 /opt/lampp/htdocs/Vaggon/system/CodeIgniter.php(869): class_exists('\\App\\Controller...', true)
#5 /opt/lampp/htdocs/Vaggon/system/CodeIgniter.php(394): CodeIgniter\CodeIgniter->startController()
#6 /opt/lampp/htdocs/Vaggon/system/CodeIgniter.php(312): CodeIgniter\CodeIgniter->handleRequest(NULL, Object(Config\Cache), false)
#7 /opt/lampp/htdocs/Vaggon/public/index.php(45): CodeIgniter\CodeIgniter->run()
#8 {main}
CRITICAL - 2020-08-03 15:12:37 --> Too few arguments to function App\Controllers\Tarefas::index(), 0 passed in /opt/lampp/htdocs/Vaggon/system/CodeIgniter.php on line 918 and exactly 1 expected
#0 /opt/lampp/htdocs/Vaggon/system/CodeIgniter.php(918): App\Controllers\Tarefas->index()
#1 /opt/lampp/htdocs/Vaggon/system/CodeIgniter.php(404): CodeIgniter\CodeIgniter->runController(Object(App\Controllers\Tarefas))
#2 /opt/lampp/htdocs/Vaggon/system/CodeIgniter.php(312): CodeIgniter\CodeIgniter->handleRequest(NULL, Object(Config\Cache), false)
#3 /opt/lampp/htdocs/Vaggon/public/index.php(45): CodeIgniter\CodeIgniter->run()
#4 {main}
CRITICAL - 2020-08-03 15:24:13 --> Too few arguments to function App\Controllers\Tarefas::index(), 0 passed in /opt/lampp/htdocs/Vaggon/system/CodeIgniter.php on line 918 and exactly 1 expected
#0 /opt/lampp/htdocs/Vaggon/system/CodeIgniter.php(918): App\Controllers\Tarefas->index()
#1 /opt/lampp/htdocs/Vaggon/system/CodeIgniter.php(404): CodeIgniter\CodeIgniter->runController(Object(App\Controllers\Tarefas))
#2 /opt/lampp/htdocs/Vaggon/system/CodeIgniter.php(312): CodeIgniter\CodeIgniter->handleRequest(NULL, Object(Config\Cache), false)
#3 /opt/lampp/htdocs/Vaggon/public/index.php(45): CodeIgniter\CodeIgniter->run()
#4 {main}
CRITICAL - 2020-08-03 15:26:58 --> Too few arguments to function App\Controllers\Tarefas::index(), 0 passed in /opt/lampp/htdocs/Vaggon/system/CodeIgniter.php on line 918 and exactly 1 expected
#0 /opt/lampp/htdocs/Vaggon/system/CodeIgniter.php(918): App\Controllers\Tarefas->index()
#1 /opt/lampp/htdocs/Vaggon/system/CodeIgniter.php(404): CodeIgniter\CodeIgniter->runController(Object(App\Controllers\Tarefas))
#2 /opt/lampp/htdocs/Vaggon/system/CodeIgniter.php(312): CodeIgniter\CodeIgniter->handleRequest(NULL, Object(Config\Cache), false)
#3 /opt/lampp/htdocs/Vaggon/public/index.php(45): CodeIgniter\CodeIgniter->run()
#4 {main}
CRITICAL - 2020-08-03 16:09:51 --> Undefined variable: _SESSION
#0 /opt/lampp/htdocs/Vaggon/app/Controllers/Tarefas.php(9): CodeIgniter\Debug\Exceptions->errorHandler(8, 'Undefined varia...', '/opt/lampp/htdo...', 9, Array)
#1 /opt/lampp/htdocs/Vaggon/system/CodeIgniter.php(918): App\Controllers\Tarefas->index()
#2 /opt/lampp/htdocs/Vaggon/system/CodeIgniter.php(404): CodeIgniter\CodeIgniter->runController(Object(App\Controllers\Tarefas))
#3 /opt/lampp/htdocs/Vaggon/system/CodeIgniter.php(312): CodeIgniter\CodeIgniter->handleRequest(NULL, Object(Config\Cache), false)
#4 /opt/lampp/htdocs/Vaggon/public/index.php(45): CodeIgniter\CodeIgniter->run()
#5 {main}
CRITICAL - 2020-08-03 16:10:38 --> Undefined variable: _SESSION
#0 /opt/lampp/htdocs/Vaggon/app/Controllers/Tarefas.php(9): CodeIgniter\Debug\Exceptions->errorHandler(8, 'Undefined varia...', '/opt/lampp/htdo...', 9, Array)
#1 /opt/lampp/htdocs/Vaggon/system/CodeIgniter.php(918): App\Controllers\Tarefas->index()
#2 /opt/lampp/htdocs/Vaggon/system/CodeIgniter.php(404): CodeIgniter\CodeIgniter->runController(Object(App\Controllers\Tarefas))
#3 /opt/lampp/htdocs/Vaggon/system/CodeIgniter.php(312): CodeIgniter\CodeIgniter->handleRequest(NULL, Object(Config\Cache), false)
#4 /opt/lampp/htdocs/Vaggon/public/index.php(45): CodeIgniter\CodeIgniter->run()
#5 {main}
